0 info it worked if it ends with ok
1 verbose cli [ '/usr/bin/node', '/usr/bin/npm', 'run', 'test' ]
2 info using npm@3.10.10
3 info using node@v6.16.0
4 verbose run-script [ 'pretest', 'test', 'posttest' ]
5 info lifecycle jasmine-npm@1.0.0~pretest: jasmine-npm@1.0.0
6 silly lifecycle jasmine-npm@1.0.0~pretest: no script for pretest, continuing
7 info lifecycle jasmine-npm@1.0.0~test: jasmine-npm@1.0.0
8 verbose lifecycle jasmine-npm@1.0.0~test: unsafe-perm in lifecycle true
9 verbose lifecycle jasmine-npm@1.0.0~test: PATH: /usr/lib/node_modules/npm/bin/node-gyp-bin:/home/javatdd/js-tdd/jasmine-npm/node_modules/.bin:/usr/local/bin:/usr/local/sbin:/usr/bin:/usr/sbin:/bin:/sbin:/usr/java/jdk1.8.0_191-amd64/bin:/usr/local/apache-maven-3.5.4/bin:/home/javatdd/.local/bin:/home/javatdd/bin:/usr/java/jdk1.8.0_191-amd64/bin:/usr/local/apache-maven-3.5.4/bin
10 verbose lifecycle jasmine-npm@1.0.0~test: CWD: /home/javatdd/js-tdd/jasmine-npm
11 silly lifecycle jasmine-npm@1.0.0~test: Args: [ '-c', 'jasmine' ]
12 silly lifecycle jasmine-npm@1.0.0~test: Returned: code: 1  signal: null
13 info lifecycle jasmine-npm@1.0.0~test: Failed to exec test script
14 verbose stack Error: jasmine-npm@1.0.0 test: `jasmine`
14 verbose stack Exit status 1
14 verbose stack     at EventEmitter.<anonymous> (/usr/lib/node_modules/npm/lib/utils/lifecycle.js:255:16)
14 verbose stack     at emitTwo (events.js:106:13)
14 verbose stack     at EventEmitter.emit (events.js:191:7)
14 verbose stack     at ChildProcess.<anonymous> (/usr/lib/node_modules/npm/lib/utils/spawn.js:40:14)
14 verbose stack     at emitTwo (events.js:106:13)
14 verbose stack     at ChildProcess.emit (events.js:191:7)
14 verbose stack     at maybeClose (internal/child_process.js:920:16)
14 verbose stack     at Process.ChildProcess._handle.onexit (internal/child_process.js:230:5)
15 verbose pkgid jasmine-npm@1.0.0
16 verbose cwd /home/javatdd/js-tdd/jasmine-npm
17 error Linux 3.10.0-957.12.2.el7.x86_64
18 error argv "/usr/bin/node" "/usr/bin/npm" "run" "test"
19 error node v6.16.0
20 error npm  v3.10.10
21 error code ELIFECYCLE
22 error jasmine-npm@1.0.0 test: `jasmine`
22 error Exit status 1
23 error Failed at the jasmine-npm@1.0.0 test script 'jasmine'.
23 error Make sure you have the latest version of node.js and npm installed.
23 error If you do, this is most likely a problem with the jasmine-npm package,
23 error not with npm itself.
23 error Tell the author that this fails on your system:
23 error     jasmine
23 error You can get information on how to open an issue for this project with:
23 error     npm bugs jasmine-npm
23 error Or if that isn't available, you can get their info via:
23 error     npm owner ls jasmine-npm
23 error There is likely additional logging output above.
24 verbose exit [ 1, true ]
